2025/06/30 15:06:23 [SaaS Kit] Registered module: auth
2025/06/30 15:06:23 [SaaS Kit] Mounted route: POST /api/v1/api/auth/register (auth.register)
2025/06/30 15:06:23 [SaaS Kit] Mounted route: POST /api/v1/api/auth/login (auth.login)
2025/06/30 15:06:23 [SaaS Kit] Mounted route: GET /api/v1/api/auth/verify-email (auth.verify-email)
2025/06/30 15:06:23 [SaaS Kit] Mounted route: POST /api/v1/api/auth/forgot-password (auth.forgot-password)
2025/06/30 15:06:23 [SaaS Kit] Mounted route: POST /api/v1/api/auth/reset-password (auth.reset-password)
2025/06/30 15:06:23 [SaaS Kit] Mounted route: POST /api/v1/api/auth/refresh (auth.refresh)
2025/06/30 15:06:23 [SaaS Kit] Mounted route: POST /api/v1/api/auth/logout (auth.logout)
2025/06/30 15:06:23 [SaaS Kit] Mounted route: GET /api/v1/api/auth/me (auth.me)
2025/06/30 15:06:23 [SaaS Kit] Mounted route: PUT /api/v1/api/auth/profile (auth.update-profile)
2025/06/30 15:06:23 [SaaS Kit] Mounted route: POST /api/v1/api/auth/change-password (auth.change-password)
2025/06/30 15:06:23 [SaaS Kit] Mounted route: POST /api/v1/api/auth/send-verification (auth.resend-verification)
2025/06/30 15:06:23 [SaaS Kit] Mounted module: auth

╔═══════════════════════════════════════╗
║         SaaS Go Kit v1.0.0            ║
╠═══════════════════════════════════════╣
║ Loaded Modules:                       ║
║   • auth                              ║
╚═══════════════════════════════════════╝
2025/06/30 15:06:23 Starting server on port 8080
⇨ http server started on [::]:8080
{"time":"2025-06-30T15:06:25.177623441+07:00","id":"QinmQMJqztGvzmjGdivdtrUMzWBOUyVF","remote_ip":"::1","host":"localhost:8080","method":"GET","uri":"/api/v1/auth/me","user_agent":"curl/8.5.0","status":404,"error":"code=404, message=Not Found","latency":136039,"latency_human":"136.039µs","bytes_in":0,"bytes_out":240}
{"time":"2025-06-30T15:06:34.932569489+07:00","id":"VxDeJGsxukSjKmwiMCTgApGiYkfrJAHD","remote_ip":"::1","host":"localhost:8080","method":"GET","uri":"/api/v1/api/auth/me","user_agent":"curl/8.5.0","status":401,"error":"","latency":58427,"latency_human":"58.427µs","bytes_in":0,"bytes_out":285}
{"time":"2025-06-30T15:07:07.831232681+07:00","id":"KNgJXiWyiYkrWzXByCVgEYPykcUhmSSt","remote_ip":"::1","host":"localhost:8080","method":"GET","uri":"/api/v1/api/auth/me","user_agent":"curl/8.5.0","status":401,"error":"","latency":42797,"latency_human":"42.797µs","bytes_in":0,"bytes_out":285}

2025/06/30 15:08:14 [31;1m/home/cgonzalez/Documents/repositories/lecritique/saas-go-kit/examples/basic-app/stores.go:37 [35;1mrecord not found
[0m[33m[1.022ms] [34;1m[rows:0][0m SELECT * FROM `accounts` WHERE email = "test@example.com" AND `accounts`.`deleted_at` IS NULL ORDER BY `accounts`.`id` LIMIT 1
2025/06/30 15:08:14 
======================================
EMAIL: Verification Email
TO: test@example.com
--------------------------------------
Please verify your email by clicking the link below:

http://localhost:8080/api/v1/auth/verify-email?token=1b146dd7-4748-4b3e-b1c9-19c0fec34bcb9eafb98e-1fdd-498b-a046-a8c4f2ecacb7

This link will expire in 24 hours.
======================================
2025/06/30 15:08:14 New account registered: test@example.com
{"time":"2025-06-30T15:08:14.684537773+07:00","id":"YVAIAvffGOqouKzLeMcbSvHAElzcxjiQ","remote_ip":"::1","host":"localhost:8080","method":"POST","uri":"/api/v1/api/auth/register","user_agent":"curl/8.5.0","status":201,"error":"","latency":63215606,"latency_human":"63.215606ms","bytes_in":110,"bytes_out":787}
2025/06/30 15:08:39 Account logged in: test@example.com
{"time":"2025-06-30T15:08:39.121664057+07:00","id":"KAPsyidulpFglAEKqwAyTwDAKzgyugsv","remote_ip":"::1","host":"localhost:8080","method":"POST","uri":"/api/v1/api/auth/login","user_agent":"curl/8.5.0","status":200,"error":"","latency":46521414,"latency_human":"46.521414ms","bytes_in":74,"bytes_out":787}
{"time":"2025-06-30T15:09:58.454473966+07:00","id":"DLEMCrIOIvMBQpebQZDdBeWSPhEuioxy","remote_ip":"::1","host":"localhost:8080","method":"GET","uri":"/api/v1/api/auth/me","user_agent":"curl/8.5.0","status":200,"error":"","latency":690095,"latency_human":"690.095µs","bytes_in":0,"bytes_out":476}

2025/06/30 15:10:33 [31;1m/home/cgonzalez/Documents/repositories/lecritique/saas-go-kit/examples/basic-app/stores.go:37 [35;1mrecord not found
[0m[33m[0.205ms] [34;1m[rows:0][0m SELECT * FROM `accounts` WHERE email = "fake@example.com" AND `accounts`.`deleted_at` IS NULL ORDER BY `accounts`.`id` LIMIT 1
{"time":"2025-06-30T15:10:33.285435605+07:00","id":"pstuCuPBaYsxUGlBwgvkGlPomFAmrlGk","remote_ip":"::1","host":"localhost:8080","method":"POST","uri":"/api/v1/api/auth/login","user_agent":"curl/8.5.0","status":401,"error":"","latency":390609,"latency_human":"390.609µs","bytes_in":47,"bytes_out":280}

2025/06/30 15:10:33 [31;1m/home/cgonzalez/Documents/repositories/lecritique/saas-go-kit/examples/basic-app/stores.go:37 [35;1mrecord not found
[0m[33m[0.193ms] [34;1m[rows:0][0m SELECT * FROM `accounts` WHERE email = "fake@example.com" AND `accounts`.`deleted_at` IS NULL ORDER BY `accounts`.`id` LIMIT 1
{"time":"2025-06-30T15:10:33.291172153+07:00","id":"QgwMwTJmsLaUnusMValHUeyGAqkyzSbq","remote_ip":"::1","host":"localhost:8080","method":"POST","uri":"/api/v1/api/auth/login","user_agent":"curl/8.5.0","status":401,"error":"","latency":366599,"latency_human":"366.599µs","bytes_in":47,"bytes_out":279}

2025/06/30 15:10:33 [31;1m/home/cgonzalez/Documents/repositories/lecritique/saas-go-kit/examples/basic-app/stores.go:37 [35;1mrecord not found
[0m[33m[0.181ms] [34;1m[rows:0][0m SELECT * FROM `accounts` WHERE email = "fake@example.com" AND `accounts`.`deleted_at` IS NULL ORDER BY `accounts`.`id` LIMIT 1
{"time":"2025-06-30T15:10:33.296747285+07:00","id":"cAtbSlpAWLdogxrUgKzWbaoizPEradPq","remote_ip":"::1","host":"localhost:8080","method":"POST","uri":"/api/v1/api/auth/login","user_agent":"curl/8.5.0","status":401,"error":"","latency":321713,"latency_human":"321.713µs","bytes_in":47,"bytes_out":279}

2025/06/30 15:10:33 [31;1m/home/cgonzalez/Documents/repositories/lecritique/saas-go-kit/examples/basic-app/stores.go:37 [35;1mrecord not found
[0m[33m[0.184ms] [34;1m[rows:0][0m SELECT * FROM `accounts` WHERE email = "fake@example.com" AND `accounts`.`deleted_at` IS NULL ORDER BY `accounts`.`id` LIMIT 1
{"time":"2025-06-30T15:10:33.30230331+07:00","id":"PqgoNyFODmQwsAWfDkZhzOVoxpNWueUQ","remote_ip":"::1","host":"localhost:8080","method":"POST","uri":"/api/v1/api/auth/login","user_agent":"curl/8.5.0","status":401,"error":"","latency":351924,"latency_human":"351.924µs","bytes_in":47,"bytes_out":280}

2025/06/30 15:10:33 [31;1m/home/cgonzalez/Documents/repositories/lecritique/saas-go-kit/examples/basic-app/stores.go:37 [35;1mrecord not found
[0m[33m[0.163ms] [34;1m[rows:0][0m SELECT * FROM `accounts` WHERE email = "fake@example.com" AND `accounts`.`deleted_at` IS NULL ORDER BY `accounts`.`id` LIMIT 1
{"time":"2025-06-30T15:10:33.307774593+07:00","id":"ApZeDzGJACNDgFHlHNXcVEhGjxaKChlN","remote_ip":"::1","host":"localhost:8080","method":"POST","uri":"/api/v1/api/auth/login","user_agent":"curl/8.5.0","status":401,"error":"","latency":289832,"latency_human":"289.832µs","bytes_in":47,"bytes_out":280}

2025/06/30 15:10:33 [31;1m/home/cgonzalez/Documents/repositories/lecritique/saas-go-kit/examples/basic-app/stores.go:37 [35;1mrecord not found
[0m[33m[0.162ms] [34;1m[rows:0][0m SELECT * FROM `accounts` WHERE email = "fake@example.com" AND `accounts`.`deleted_at` IS NULL ORDER BY `accounts`.`id` LIMIT 1
{"time":"2025-06-30T15:10:33.313194313+07:00","id":"dVLrNFbCkbzVIlUXYvLILTnCkIaFCutk","remote_ip":"::1","host":"localhost:8080","method":"POST","uri":"/api/v1/api/auth/login","user_agent":"curl/8.5.0","status":401,"error":"","latency":333298,"latency_human":"333.298µs","bytes_in":47,"bytes_out":280}

2025/06/30 15:10:33 [31;1m/home/cgonzalez/Documents/repositories/lecritique/saas-go-kit/examples/basic-app/stores.go:37 [35;1mrecord not found
[0m[33m[0.191ms] [34;1m[rows:0][0m SELECT * FROM `accounts` WHERE email = "fake@example.com" AND `accounts`.`deleted_at` IS NULL ORDER BY `accounts`.`id` LIMIT 1
{"time":"2025-06-30T15:10:33.318841068+07:00","id":"plOgZNxbLfbDLayhjjgXoowDlKwyOhCF","remote_ip":"::1","host":"localhost:8080","method":"POST","uri":"/api/v1/api/auth/login","user_agent":"curl/8.5.0","status":401,"error":"","latency":341802,"latency_human":"341.802µs","bytes_in":47,"bytes_out":280}

2025/06/30 15:10:33 [31;1m/home/cgonzalez/Documents/repositories/lecritique/saas-go-kit/examples/basic-app/stores.go:37 [35;1mrecord not found
[0m[33m[0.277ms] [34;1m[rows:0][0m SELECT * FROM `accounts` WHERE email = "fake@example.com" AND `accounts`.`deleted_at` IS NULL ORDER BY `accounts`.`id` LIMIT 1
{"time":"2025-06-30T15:10:33.326665856+07:00","id":"LUPKQCCKPQFnByhDPAqUwvTDVinHsyfc","remote_ip":"::1","host":"localhost:8080","method":"POST","uri":"/api/v1/api/auth/login","user_agent":"curl/8.5.0","status":401,"error":"","latency":412647,"latency_human":"412.647µs","bytes_in":47,"bytes_out":280}

2025/06/30 15:10:33 [31;1m/home/cgonzalez/Documents/repositories/lecritique/saas-go-kit/examples/basic-app/stores.go:37 [35;1mrecord not found
[0m[33m[0.198ms] [34;1m[rows:0][0m SELECT * FROM `accounts` WHERE email = "fake@example.com" AND `accounts`.`deleted_at` IS NULL ORDER BY `accounts`.`id` LIMIT 1
{"time":"2025-06-30T15:10:33.332157665+07:00","id":"dPyNzMCkZEsVCvDUiqArjUyHhkaMRuwW","remote_ip":"::1","host":"localhost:8080","method":"POST","uri":"/api/v1/api/auth/login","user_agent":"curl/8.5.0","status":401,"error":"","latency":344208,"latency_human":"344.208µs","bytes_in":47,"bytes_out":280}

2025/06/30 15:10:33 [31;1m/home/cgonzalez/Documents/repositories/lecritique/saas-go-kit/examples/basic-app/stores.go:37 [35;1mrecord not found
[0m[33m[0.175ms] [34;1m[rows:0][0m SELECT * FROM `accounts` WHERE email = "fake@example.com" AND `accounts`.`deleted_at` IS NULL ORDER BY `accounts`.`id` LIMIT 1
{"time":"2025-06-30T15:10:33.337579988+07:00","id":"iZFqnGNJItgpiuxMHHTkbjlLVQVXteFa","remote_ip":"::1","host":"localhost:8080","method":"POST","uri":"/api/v1/api/auth/login","user_agent":"curl/8.5.0","status":401,"error":"","latency":304269,"latency_human":"304.269µs","bytes_in":47,"bytes_out":280}
{"time":"2025-06-30T15:10:33.342743227+07:00","id":"tQnnObZufPWMalwtYDoblogDuNjcwQXV","remote_ip":"::1","host":"localhost:8080","method":"POST","uri":"/api/v1/api/auth/login","user_agent":"curl/8.5.0","status":429,"error":"","latency":36839,"latency_human":"36.839µs","bytes_in":47,"bytes_out":116}
{"time":"2025-06-30T15:10:33.34903751+07:00","id":"CQeEFepRHZyTjOGrOLnxreEodcqsqUUj","remote_ip":"::1","host":"localhost:8080","method":"POST","uri":"/api/v1/api/auth/login","user_agent":"curl/8.5.0","status":429,"error":"","latency":36382,"latency_human":"36.382µs","bytes_in":47,"bytes_out":116}
